0 info it worked if it ends with ok
1 verbose cli [ '/home/simplonco/.nvm/versions/node/v5.0.0/bin/node',
1 verbose cli   '/home/simplonco/.nvm/versions/node/v5.0.0/bin/npm',
1 verbose cli   'start' ]
2 info using npm@3.3.6
3 info using node@v5.0.0
4 verbose run-script [ 'prestart', 'start', 'poststart' ]
5 info lifecycle cinemapp@1.0.0~prestart: cinemapp@1.0.0
6 silly lifecycle cinemapp@1.0.0~prestart: no script for prestart, continuing
7 info lifecycle cinemapp@1.0.0~start: cinemapp@1.0.0
8 verbose lifecycle cinemapp@1.0.0~start: unsafe-perm in lifecycle true
9 verbose lifecycle cinemapp@1.0.0~start: PATH: /home/simplonco/.nvm/versions/node/v5.0.0/lib/node_modules/npm/bin/node-gyp-bin:/home/simplonco/cinemaApp/node_modules/.bin:/usr/local/heroku/bin:/home/simplonco/.nvm/versions/node/v5.0.0/bin:/home/simplonco/.config/composer/vendor/bin:/home/simplonco/.config/composer/vendor/bin:/usr/local/sbin:/usr/local/bin:/usr/sbin:/usr/bin:/sbin:/bin:/usr/games:/usr/local/games:/usr/lib/jvm/java-8-oracle/bin:/usr/lib/jvm/java-8-oracle/db/bin:/usr/lib/jvm/java-8-oracle/jre/bin:/home/simplonco/.composer/vendor/bin:/home/simplonco/.composer/vendor/bin
10 verbose lifecycle cinemapp@1.0.0~start: CWD: /home/simplonco/cinemaApp
11 silly lifecycle cinemapp@1.0.0~start: Args: [ '-c', 'node app' ]
12 silly lifecycle cinemapp@1.0.0~start: Returned: code: 137  signal: null
13 info lifecycle cinemapp@1.0.0~start: Failed to exec start script
14 verbose stack Error: cinemapp@1.0.0 start: `node app`
14 verbose stack Exit status 137
14 verbose stack     at EventEmitter.<anonymous> (/home/simplonco/.nvm/versions/node/v5.0.0/lib/node_modules/npm/lib/utils/lifecycle.js:233:16)
14 verbose stack     at emitTwo (events.js:87:13)
14 verbose stack     at EventEmitter.emit (events.js:172:7)
14 verbose stack     at ChildProcess.<anonymous> (/home/simplonco/.nvm/versions/node/v5.0.0/lib/node_modules/npm/lib/utils/spawn.js:24:14)
14 verbose stack     at emitTwo (events.js:87:13)
14 verbose stack     at ChildProcess.emit (events.js:172:7)
14 verbose stack     at maybeClose (internal/child_process.js:818:16)
14 verbose stack     at Process.ChildProcess._handle.onexit (internal/child_process.js:211:5)
15 verbose pkgid cinemapp@1.0.0
16 verbose cwd /home/simplonco/cinemaApp
17 error Linux 4.4.0-97-generic
18 error argv "/home/simplonco/.nvm/versions/node/v5.0.0/bin/node" "/home/simplonco/.nvm/versions/node/v5.0.0/bin/npm" "start"
19 error node v5.0.0
20 error npm  v3.3.6
21 error code ELIFECYCLE
22 error cinemapp@1.0.0 start: `node app`
22 error Exit status 137
23 error Failed at the cinemapp@1.0.0 start script 'node app'.
23 error This is most likely a problem with the cinemapp package,
23 error not with npm itself.
23 error Tell the author that this fails on your system:
23 error     node app
23 error You can get their info via:
23 error     npm owner ls cinemapp
23 error There is likely additional logging output above.
24 verbose exit [ 1, true ]
